Using pre-set license
Built from '2020.3/release' branch; Version is '2020.3.12f1 (b3b2c6512326) revision 11776710'; Using compiler version '192528614'; Build Type 'Release'
OS: 'Windows 10 Home; OS build 19045.2965; Version 2009; 64bit' Language: 'en' Physical Memory: 32699 MB
BatchMode: 1, IsHumanControllingUs: 0, StartBugReporterOnCrash: 0, Is64bit: 1, IsPro: 0

 COMMAND LINE ARGUMENTS:
B:\Unity\2020.3.12f1\Editor\Unity.exe
-adb2
-batchMode
-noUpm
-name
AssetImportWorker0
-projectPath
B:/Unity/HalfSafx2
-logFile
Logs/AssetImportWorker0.log
-srvPort
1292
Successfully changed project path to: B:/Unity/HalfSafx2
B:/Unity/HalfSafx2
Using Asset Import Pipeline V2.
Refreshing native plugins compatible for Editor in 75.54 ms, found 2 plugins.
Preloading 0 native plugins for Editor in 0.00 ms.
Initialize engine version: 2020.3.12f1 (b3b2c6512326)
[Subsystems] Discovering subsystems at path B:/Unity/2020.3.12f1/Editor/Data/Resources/UnitySubsystems
[Subsystems] Discovering subsystems at path B:/Unity/HalfSafx2/Assets
GfxDevice: creating device client; threaded=0
Direct3D:
    Version:  Direct3D 11.0 [level 11.1]
    Renderer: NVIDIA GeForce RTX 3080 (ID=0x220a)
    Vendor:   
    VRAM:     12107 MB
    Driver:   31.0.15.2686
Initialize mono
Mono path[0] = 'B:/Unity/2020.3.12f1/Editor/Data/Managed'
Mono path[1] = 'B:/Unity/2020.3.12f1/Editor/Data/MonoBleedingEdge/lib/mono/unityjit'
Mono config path = 'B:/Unity/2020.3.12f1/Editor/Data/MonoBleedingEdge/etc'
Using monoOptions --debugger-agent=transport=dt_socket,embedding=1,server=y,suspend=n,address=127.0.0.1:56252
Begin MonoManager ReloadAssembly
Registering precompiled unity dll's ...
Register platform support module: B:/Unity/2020.3.12f1/Editor/Data/PlaybackEngines/WindowsStandaloneSupport/UnityEditor.WindowsStandalone.Extensions.dll
Registered in 0.001026 seconds.
Native extension for WindowsStandalone target not found
Refreshing native plugins compatible for Editor in 74.49 ms, found 2 plugins.
Preloading 0 native plugins for Editor in 0.00 ms.
Mono: successfully reloaded assembly
- Completed reload, in  0.791 seconds
Platform modules already initialized, skipping
Registering precompiled user dll's ...
Registered in 0.003211 seconds.
Begin MonoManager ReloadAssembly
Native extension for WindowsStandalone target not found
Refreshing native plugins compatible for Editor in 81.96 ms, found 2 plugins.
Preloading 0 native plugins for Editor in 0.00 ms.
Mono: successfully reloaded assembly
- Completed reload, in  1.264 seconds
Platform modules already initialized, skipping
========================================================================
Worker process is ready to serve import requests
Launched and connected shader compiler UnityShaderCompiler.exe after 0.03 seconds
Refreshing native plugins compatible for Editor in 0.82 ms, found 2 plugins.
Preloading 0 native plugins for Editor in 0.00 ms.
Unloading 4068 Unused Serialized files (Serialized files now loaded: 0)
System memory in use before: 192.3 MB.
System memory in use after: 192.6 MB.

Unloading 22 unused Assets to reduce memory usage. Loaded Objects now: 4520.
Total: 2.849600 ms (FindLiveObjects: 0.460400 ms CreateObjectMapping: 0.105500 ms MarkObjects: 2.221400 ms  DeleteObjects: 0.061200 ms)

AssetImportParameters requested are different than current active one (requested -> active):
  custom:framework-win-MediaFoundation: 216162199b28c13a410421893ffa2e32 -> 
  custom:video-decoder-ogg-theora: a1e56fd34408186e4bbccfd4996cb3dc -> 
  custom:container-muxer-webm: aa71ff27fc2769a1b78a27578f13a17b -> 
  custom:container-demuxer-webm: 4f35f7cbe854078d1ac9338744f61a02 -> 
  custom:container-demuxer-ogg: 62fdf1f143b41e24485cea50d1cbac27 -> 
  custom:video-encoder-webm-vp8: eb34c28f22e8b96e1ab97ce403110664 -> 
  custom:video-codec-MediaFoundation-h265: e54d7ab0439102e2317fc1e4b246158d -> 
  custom:video-decoder-webm-vp8: 9c59270c3fd7afecdb556c50c9e8de78 -> 
  custom:audio-decoder-ogg-vorbis: bf7c407c2cedff20999df2af8eb42d56 -> 
  custom:audio-encoder-webm-vorbis: bf7c407c2cedff20999df2af8eb42d56 -> 
========================================================================
Received Import Request.
  path: Assets/SampleSceneAssets/Scripts/PlayerControllerFPS.prefab
  artifactKey: Guid(573ac53c334415945bf239de2c2f0511) Importer(815301076,1909f56bfc062723c751e8b465ee728b)
Start importing Assets/SampleSceneAssets/Scripts/PlayerControllerFPS.prefab using Guid(573ac53c334415945bf239de2c2f0511) Importer(815301076,1909f56bfc062723c751e8b465ee728b)  -> (artifact id: '2e3f39d7194667881e84f784b5b22f80') in 0.051959 seconds 
  Import took 0.149601 seconds .

========================================================================
Received Import Request.
  Time since last request: 5.770307 seconds.
  path: Assets/SampleSceneAssets/Scripts/PlayerMovement.cs
  artifactKey: Guid(87f6dfceb3e39a947a312f7eeaa2a113) Importer(815301076,1909f56bfc062723c751e8b465ee728b)
Start importing Assets/SampleSceneAssets/Scripts/PlayerMovement.cs using Guid(87f6dfceb3e39a947a312f7eeaa2a113) Importer(815301076,1909f56bfc062723c751e8b465ee728b)  -> (artifact id: '437fce909d253c81275dd34c51d95796') in 19.677381 seconds 
  Import took 19.697667 seconds .

========================================================================
Received Import Request.
  Time since last request: 0.000247 seconds.
  path: Assets/SampleSceneAssets/Scripts/LookWithMouse.cs
  artifactKey: Guid(4eb578550bc4f824e97f0a72eac1f3a5) Importer(815301076,1909f56bfc062723c751e8b465ee728b)
Start importing Assets/SampleSceneAssets/Scripts/LookWithMouse.cs using Guid(4eb578550bc4f824e97f0a72eac1f3a5) Importer(815301076,1909f56bfc062723c751e8b465ee728b)  -> (artifact id: 'deeaa54c12f4e59c83ff222be261b4f8') in 0.008030 seconds 
  Import took 0.013189 seconds .

========================================================================
Received Import Request.
  Time since last request: 4.190672 seconds.
  path: Assets/TestPlane.unity
  artifactKey: Guid(22bc6432222f6f146b8aea20da934248) Importer(815301076,1909f56bfc062723c751e8b465ee728b)
Start importing Assets/TestPlane.unity using Guid(22bc6432222f6f146b8aea20da934248) Importer(815301076,1909f56bfc062723c751e8b465ee728b)  -> (artifact id: 'faaefc6295a57ca94e171dbc4d3de517') in 0.030478 seconds 
  Import took 0.066033 seconds .

========================================================================
Received Import Request.
  Time since last request: 232.894044 seconds.
  path: Assets
  artifactKey: Guid(00000000000000001000000000000000) Importer(815301076,1909f56bfc062723c751e8b465ee728b)
Start importing Assets using Guid(00000000000000001000000000000000) Importer(815301076,1909f56bfc062723c751e8b465ee728b)  -> (artifact id: '42d402b061de3733987d63b9cc3b64de') in 0.008294 seconds 
  Import took 0.014696 seconds .

========================================================================
Received Prepare
Registering precompiled user dll's ...
Registered in 0.003117 seconds.
Begin MonoManager ReloadAssembly
Native extension for WindowsStandalone target not found
Refreshing native plugins compatible for Editor in 1.34 ms, found 2 plugins.
Preloading 0 native plugins for Editor in 0.00 ms.
Mono: successfully reloaded assembly
- Completed reload, in  1.277 seconds
Platform modules already initialized, skipping
Refreshing native plugins compatible for Editor in 1.27 ms, found 2 plugins.
Preloading 0 native plugins for Editor in 0.00 ms.
Unloading 3786 Unused Serialized files (Serialized files now loaded: 0)
System memory in use before: 177.6 MB.
System memory in use after: 177.9 MB.

Unloading 15 unused Assets to reduce memory usage. Loaded Objects now: 4523.
Total: 2.770900 ms (FindLiveObjects: 0.395900 ms CreateObjectMapping: 0.103200 ms MarkObjects: 2.255500 ms  DeleteObjects: 0.015100 ms)

AssetImportParameters requested are different than current active one (requested -> active):
  custom:framework-win-MediaFoundation: 216162199b28c13a410421893ffa2e32 -> 
  custom:video-decoder-ogg-theora: a1e56fd34408186e4bbccfd4996cb3dc -> 
  custom:container-muxer-webm: aa71ff27fc2769a1b78a27578f13a17b -> 
  custom:container-demuxer-webm: 4f35f7cbe854078d1ac9338744f61a02 -> 
  custom:container-demuxer-ogg: 62fdf1f143b41e24485cea50d1cbac27 -> 
  custom:video-encoder-webm-vp8: eb34c28f22e8b96e1ab97ce403110664 -> 
  custom:video-codec-MediaFoundation-h265: e54d7ab0439102e2317fc1e4b246158d -> 
  custom:video-decoder-webm-vp8: 9c59270c3fd7afecdb556c50c9e8de78 -> 
  custom:audio-decoder-ogg-vorbis: bf7c407c2cedff20999df2af8eb42d56 -> 
  custom:audio-encoder-webm-vorbis: bf7c407c2cedff20999df2af8eb42d56 -> 
========================================================================
Received Import Request.
  Time since last request: 760.950637 seconds.
  path: Assets/Scenes
  artifactKey: Guid(1b90dfd3b02468341a316e1a573d6a8e) Importer(815301076,1909f56bfc062723c751e8b465ee728b)
Start importing Assets/Scenes using Guid(1b90dfd3b02468341a316e1a573d6a8e) Importer(815301076,1909f56bfc062723c751e8b465ee728b)  -> (artifact id: '0dd54a7bd86b7ba466fdbaf71a407cba') in 0.013648 seconds 
  Import took 0.051142 seconds .

========================================================================
Received Import Request.
  Time since last request: 8.005838 seconds.
  path: Assets/TestPlane.unity
  artifactKey: Guid(22bc6432222f6f146b8aea20da934248) Importer(815301076,1909f56bfc062723c751e8b465ee728b)
Start importing Assets/TestPlane.unity using Guid(22bc6432222f6f146b8aea20da934248) Importer(815301076,1909f56bfc062723c751e8b465ee728b)  -> (artifact id: '10f4c6be14360e4f61d942b058f580fc') in 0.023560 seconds 
  Import took 0.029496 seconds .

========================================================================
Received Import Request.
  Time since last request: 56.847696 seconds.
  path: Assets/TestTankPaint.mat
  artifactKey: Guid(59e9a1ed84b71c74b8e9a62633ca6157) Importer(815301076,1909f56bfc062723c751e8b465ee728b)
Start importing Assets/TestTankPaint.mat using Guid(59e9a1ed84b71c74b8e9a62633ca6157) Importer(815301076,1909f56bfc062723c751e8b465ee728b) Launched and connected shader compiler UnityShaderCompiler.exe after 0.04 seconds
Launched and connected shader compiler UnityShaderCompiler.exe after 0.03 seconds
Launched and connected shader compiler UnityShaderCompiler.exe after 0.04 seconds
Launched and connected shader compiler UnityShaderCompiler.exe after 0.03 seconds
Launched and connected shader compiler UnityShaderCompiler.exe after 0.04 seconds
Launched and connected shader compiler UnityShaderCompiler.exe after 0.04 seconds
Launched and connected shader compiler UnityShaderCompiler.exe after 0.03 seconds
Launched and connected shader compiler UnityShaderCompiler.exe after 0.03 seconds
Launched and connected shader compiler UnityShaderCompiler.exe after 0.04 seconds
Launched and connected shader compiler UnityShaderCompiler.exe after 0.06 seconds
Launched and connected shader compiler UnityShaderCompiler.exe after 0.05 seconds
 -> (artifact id: '044be4999d1e213c84a6983fa04e577f') in 2.070974 seconds 
  Import took 2.087885 seconds .

========================================================================
Received Import Request.
  Time since last request: 100.449342 seconds.
  path: Assets/TestTankPaint.mat
  artifactKey: Guid(59e9a1ed84b71c74b8e9a62633ca6157) Importer(815301076,1909f56bfc062723c751e8b465ee728b)
Start importing Assets/TestTankPaint.mat using Guid(59e9a1ed84b71c74b8e9a62633ca6157) Importer(815301076,1909f56bfc062723c751e8b465ee728b)  -> (artifact id: '31bb7fc8e8e130095c9f35e485d7e844') in 0.026837 seconds 
  Import took 0.048089 seconds .

========================================================================
Received Import Request.
  Time since last request: 0.000261 seconds.
  path: Assets/TestTerrainGreen.mat
  artifactKey: Guid(f9f6885ce186bed44aded94d65149bf5) Importer(815301076,1909f56bfc062723c751e8b465ee728b)
Start importing Assets/TestTerrainGreen.mat using Guid(f9f6885ce186bed44aded94d65149bf5) Importer(815301076,1909f56bfc062723c751e8b465ee728b)  -> (artifact id: '6bc7505d196c9602a0bc34e699a55a18') in 0.022738 seconds 
  Import took 0.030115 seconds .

========================================================================
Received Prepare
Registering precompiled user dll's ...
Registered in 0.739560 seconds.
Begin MonoManager ReloadAssembly
Native extension for WindowsStandalone target not found
Refreshing native plugins compatible for Editor in 0.90 ms, found 2 plugins.
Preloading 0 native plugins for Editor in 0.00 ms.
Mono: successfully reloaded assembly
- Completed reload, in  9.123 seconds
Platform modules already initialized, skipping
Refreshing native plugins compatible for Editor in 0.85 ms, found 2 plugins.
Preloading 0 native plugins for Editor in 0.00 ms.
Unloading 3799 Unused Serialized files (Serialized files now loaded: 0)
System memory in use before: 194.3 MB.
System memory in use after: 194.5 MB.

Unloading 15 unused Assets to reduce memory usage. Loaded Objects now: 4693.
Total: 2.939400 ms (FindLiveObjects: 0.429800 ms CreateObjectMapping: 0.104200 ms MarkObjects: 2.385000 ms  DeleteObjects: 0.018400 ms)

AssetImportParameters requested are different than current active one (requested -> active):
  custom:framework-win-MediaFoundation: 216162199b28c13a410421893ffa2e32 -> 
  custom:video-decoder-ogg-theora: a1e56fd34408186e4bbccfd4996cb3dc -> 
  custom:container-muxer-webm: aa71ff27fc2769a1b78a27578f13a17b -> 
  custom:container-demuxer-webm: 4f35f7cbe854078d1ac9338744f61a02 -> 
  custom:container-demuxer-ogg: 62fdf1f143b41e24485cea50d1cbac27 -> 
  custom:video-encoder-webm-vp8: eb34c28f22e8b96e1ab97ce403110664 -> 
  custom:video-codec-MediaFoundation-h265: e54d7ab0439102e2317fc1e4b246158d -> 
  custom:video-decoder-webm-vp8: 9c59270c3fd7afecdb556c50c9e8de78 -> 
  custom:audio-decoder-ogg-vorbis: bf7c407c2cedff20999df2af8eb42d56 -> 
  custom:audio-encoder-webm-vorbis: bf7c407c2cedff20999df2af8eb42d56 -> 
========================================================================
Received Import Request.
  Time since last request: 2403.444194 seconds.
  path: Assets/TestTerrainGreen.mat
  artifactKey: Guid(f9f6885ce186bed44aded94d65149bf5) Importer(815301076,1909f56bfc062723c751e8b465ee728b)
Start importing Assets/TestTerrainGreen.mat using Guid(f9f6885ce186bed44aded94d65149bf5) Importer(815301076,1909f56bfc062723c751e8b465ee728b)  -> (artifact id: 'bdd8b0c6e708446cd19df38606666226') in 0.528394 seconds 
  Import took 0.534855 seconds .

AssetImportWorkerClient::OnTransportError - code=2 error=End of file
